<?xml version="1.0" encoding="UTF-8"?>
<!-- Generated by org.testng.reporters.JUnitReportReporter -->
<testsuite hostname="SUYPC158" failures="0" tests="1" name="TestNG.ExceptionHandleWithTestNG" time="0.012" errors="0" timestamp="2019-10-04T13:27:40 IST" skipped="0">
  <testcase classname="TestNG.ExceptionHandleWithTestNG" name="loginTest1" time="0.012"/>
</testsuite> <!-- TestNG.ExceptionHandleWithTestNG -->
