<?xml version="1.0" encoding="UTF-8"?>
<!-- Generated by org.testng.reporters.JUnitReportReporter -->
<testsuite hostname="SUYPC158" failures="0" tests="12" name="TestNG.InvocationCountTest" time="0.021" errors="0" timestamp="2019-10-04T13:19:58 IST" skipped="0">
  <testcase classname="TestNG.InvocationCountTest" name="loginTest" time="0.001"/>
  <testcase classname="TestNG.InvocationCountTest" name="loginTest" time="0.001"/>
  <testcase classname="TestNG.InvocationCountTest" name="loginTest" time="0.001"/>
  <testcase classname="TestNG.InvocationCountTest" name="loginTest" time="0.010"/>
  <testcase classname="TestNG.InvocationCountTest" name="loginTest" time="0.001"/>
  <testcase classname="TestNG.InvocationCountTest" name="loginTest" time="0.001"/>
  <testcase classname="TestNG.InvocationCountTest" name="loginTest" time="0.001"/>
  <testcase classname="TestNG.InvocationCountTest" name="loginTest" time="0.001"/>
  <testcase classname="TestNG.InvocationCountTest" name="loginTest" time="0.001"/>
  <testcase classname="TestNG.InvocationCountTest" name="loginTest" time="0.001"/>
  <testcase classname="TestNG.InvocationCountTest" name="loginTest" time="0.000"/>
  <testcase classname="TestNG.InvocationCountTest" name="loginTest" time="0.002"/>
</testsuite> <!-- TestNG.InvocationCountTest -->
