<?xml version="1.0" encoding="UTF-8"?>
<!-- Generated by org.testng.reporters.JUnitReportReporter -->
<testsuite hostname="SUYPC158" failures="0" tests="2" name="TestNG.DataProviderInTestNG" time="21.598" errors="0" timestamp="2019-10-07T17:48:33 IST" skipped="0">
  <testcase classname="TestNG.DataProviderInTestNG" name="register" time="11.119"/>
  <testcase classname="TestNG.DataProviderInTestNG" name="register" time="10.479"/>
</testsuite> <!-- TestNG.DataProviderInTestNG -->
