<?xml version="1.0" encoding="UTF-8"?>
<!-- Generated by org.testng.reporters.JUnitReportReporter -->
<testsuite hostname="SUYPC158" failures="0" tests="2" name="TestNG.TestNGBasics" time="0.008" errors="0" timestamp="2019-10-04T14:12:48 IST" skipped="0">
  <testcase classname="TestNG.TestNGBasics" name="b_googleTitleTest" time="0.001"/>
  <testcase classname="TestNG.TestNGBasics" name="a_googleImageTest" time="0.007"/>
</testsuite> <!-- TestNG.TestNGBasics -->
