<?xml version="1.0" encoding="UTF-8"?>
<!-- Generated by org.testng.reporters.JUnitReportReporter -->
<testsuite hostname="SUYPC158" failures="0" tests="7" name="TestNG.PriorityInTestNG" time="93.676" errors="0" timestamp="2019-10-04T13:07:24 IST" skipped="0">
  <testcase classname="TestNG.PriorityInTestNG" name="test2" time="11.724"/>
  <testcase classname="TestNG.PriorityInTestNG" name="test1" time="11.572"/>
  <testcase classname="TestNG.PriorityInTestNG" name="test3" time="12.698"/>
  <testcase classname="TestNG.PriorityInTestNG" name="googleImageTest" time="12.426"/>
  <testcase classname="TestNG.PriorityInTestNG" name="test5" time="17.717"/>
  <testcase classname="TestNG.PriorityInTestNG" name="googleTitleTest" time="12.277"/>
  <testcase classname="TestNG.PriorityInTestNG" name="test4" time="15.262"/>
</testsuite> <!-- TestNG.PriorityInTestNG -->
