<?xml version="1.0" encoding="UTF-8"?>
<!-- Generated by org.testng.reporters.JUnitReportReporter -->
<testsuite hostname="SUYPC158" failures="0" tests="2" name="TestNG.GooglePageTest" time="37.222" errors="0" timestamp="2019-10-04T13:02:02 IST" skipped="0">
  <testcase classname="TestNG.GooglePageTest" name="googleImageTest" time="24.878"/>
  <testcase classname="TestNG.GooglePageTest" name="googleTitleTest" time="12.344"/>
</testsuite> <!-- TestNG.GooglePageTest -->
