<?xml version="1.0" encoding="UTF-8"?>
<!-- Generated by org.testng.reporters.JUnitReportReporter -->
<testsuite hostname="SUYPC158" failures="0" tests="1" name="TestNG.ParameterTesting" time="8.298" errors="0" timestamp="2019-10-07T14:58:12 IST" skipped="0">
  <testcase classname="TestNG.ParameterTesting" name="LoginToYahoo" time="8.298"/>
</testsuite> <!-- TestNG.ParameterTesting -->
